0 info it worked if it ends with ok
1 verbose cli [ '/usr/local/bin/node',
1 verbose cli   '/usr/local/bin/npm',
1 verbose cli   'install',
1 verbose cli   '[-g]',
1 verbose cli   'shelljs' ]
2 info using npm@3.10.3
3 info using node@v6.3.0
4 silly loadCurrentTree Starting
5 silly install loadCurrentTree
6 silly install readLocalPackageData
7 silly fetchPackageMetaData [-g]
8 silly fetchPackageMetaData shelljs
9 silly fetchOtherPackageData [-g]
10 silly cache add args [ '[-g]', null ]
11 verbose cache add spec [-g]
12 silly fetchNamedPackageData shelljs
13 silly mapToRegistry name shelljs
14 silly mapToRegistry using default registry
15 silly mapToRegistry registry https://registry.npmjs.org/
16 silly mapToRegistry data Result {
16 silly mapToRegistry   raw: 'shelljs',
16 silly mapToRegistry   scope: null,
16 silly mapToRegistry   escapedName: 'shelljs',
16 silly mapToRegistry   name: 'shelljs',
16 silly mapToRegistry   rawSpec: '',
16 silly mapToRegistry   spec: 'latest',
16 silly mapToRegistry   type: 'tag' }
17 silly mapToRegistry uri https://registry.npmjs.org/shelljs
18 silly cache add parsed spec Result {
18 silly cache add   raw: '[-g]',
18 silly cache add   scope: null,
18 silly cache add   escapedName: null,
18 silly cache add   name: null,
18 silly cache add   rawSpec: '[-g]',
18 silly cache add   spec: '/Users/garytsai/Desktop/rfid-reader-http/[-g]',
18 silly cache add   type: 'local' }
19 verbose request uri https://registry.npmjs.org/shelljs
20 verbose request no auth needed
21 info attempt registry request try #1 at 7:58:55 PM
22 verbose request id 2caa6058fca7ed5e
23 http request GET https://registry.npmjs.org/shelljs
24 error addLocal Could not install /Users/garytsai/Desktop/rfid-reader-http/[-g]
25 silly fetchPackageMetaData Error: ENOENT: no such file or directory, open '/Users/garytsai/Desktop/rfid-reader-http/[-g]'
25 silly fetchPackageMetaData     at Error (native)
25 silly fetchPackageMetaData  error for [-g] { Error: ENOENT: no such file or directory, open '/Users/garytsai/Desktop/rfid-reader-http/[-g]'
25 silly fetchPackageMetaData     at Error (native)
25 silly fetchPackageMetaData   errno: -2,
25 silly fetchPackageMetaData   code: 'ENOENT',
25 silly fetchPackageMetaData   syscall: 'open',
25 silly fetchPackageMetaData   path: '/Users/garytsai/Desktop/rfid-reader-http/[-g]' }
26 http 200 https://registry.npmjs.org/shelljs
27 verbose headers { server: 'CouchDB/1.5.0 (Erlang OTP/R16B03)',
27 verbose headers   etag: '"9XIKNQ2OHIHP1GUOO7MLKGEHU"',
27 verbose headers   'content-type': 'application/json',
27 verbose headers   'content-encoding': 'gzip',
27 verbose headers   'cache-control': 'max-age=300',
27 verbose headers   'content-length': '14430',
27 verbose headers   'accept-ranges': 'bytes',
27 verbose headers   date: 'Wed, 06 Jul 2016 23:58:56 GMT',
27 verbose headers   via: '1.1 varnish',
27 verbose headers   age: '154',
27 verbose headers   connection: 'keep-alive',
27 verbose headers   'x-served-by': 'cache-jfk1044-JFK',
27 verbose headers   'x-cache': 'HIT',
27 verbose headers   'x-cache-hits': '4',
27 verbose headers   'x-timer': 'S1467849536.190976,VS0,VE0',
27 verbose headers   vary: 'Accept-Encoding' }
28 silly get cb [ 200,
28 silly get   { server: 'CouchDB/1.5.0 (Erlang OTP/R16B03)',
28 silly get     etag: '"9XIKNQ2OHIHP1GUOO7MLKGEHU"',
28 silly get     'content-type': 'application/json',
28 silly get     'content-encoding': 'gzip',
28 silly get     'cache-control': 'max-age=300',
28 silly get     'content-length': '14430',
28 silly get     'accept-ranges': 'bytes',
28 silly get     date: 'Wed, 06 Jul 2016 23:58:56 GMT',
28 silly get     via: '1.1 varnish',
28 silly get     age: '154',
28 silly get     connection: 'keep-alive',
28 silly get     'x-served-by': 'cache-jfk1044-JFK',
28 silly get     'x-cache': 'HIT',
28 silly get     'x-cache-hits': '4',
28 silly get     'x-timer': 'S1467849536.190976,VS0,VE0',
28 silly get     vary: 'Accept-Encoding' } ]
29 verbose get saving shelljs to /Users/garytsai/.npm/registry.npmjs.org/shelljs/.cache.json
30 verbose correctMkdir /Users/garytsai/.npm correctMkdir not in flight; initializing
31 silly rollbackFailedOptional Starting
32 silly rollbackFailedOptional Finishing
33 silly runTopLevelLifecycles Starting
34 silly runTopLevelLifecycles Finishing
35 silly install printInstalled
36 verbose stack Error: ENOENT: no such file or directory, open '/Users/garytsai/Desktop/rfid-reader-http/[-g]'
36 verbose stack     at Error (native)
37 verbose cwd /Users/garytsai/Desktop/rfid-reader-http/summer_project
38 error Darwin 15.4.0
39 error argv "/usr/local/bin/node" "/usr/local/bin/npm" "install" "[-g]" "shelljs"
40 error node v6.3.0
41 error npm  v3.10.3
42 error path /Users/garytsai/Desktop/rfid-reader-http/[-g]
43 error code ENOENT
44 error errno -2
45 error syscall open
46 error enoent ENOENT: no such file or directory, open '/Users/garytsai/Desktop/rfid-reader-http/[-g]'
47 error enoent ENOENT: no such file or directory, open '/Users/garytsai/Desktop/rfid-reader-http/[-g]'
47 error enoent This is most likely not a problem with npm itself
47 error enoent and is related to npm not being able to find a file.
48 verbose exit [ -2, true ]
